Determining if the pthread_create exist failed with the following output:
Change Dir: /home/rudy/Desktop/UMASS/CICS/data/catkin_ws/build/CMakeFiles/CMakeTmp

Run Build Command:/usr/bin/make "cmTryCompileExec427301190/fast"
/usr/bin/make -f CMakeFiles/cmTryCompileExec427301190.dir/build.make CMakeFiles/cmTryCompileExec427301190.dir/build
make[1]: Entering directory `/home/rudy/Desktop/UMASS/CICS/data/catkin_ws/build/CMakeFiles/CMakeTmp'
/usr/bin/cmake -E cmake_progress_report /home/rudy/Desktop/UMASS/CICS/data/catkin_ws/build/CMakeFiles/CMakeTmp/CMakeFiles 1
Building C object CMakeFiles/cmTryCompileExec427301190.dir/CheckSymbolExists.c.o
/usr/bin/cc    -o CMakeFiles/cmTryCompileExec427301190.dir/CheckSymbolExists.c.o   -c /home/rudy/Desktop/UMASS/CICS/data/catkin_ws/build/CMakeFiles/CMakeTmp/CheckSymbolExists.c
Linking C executable cmTryCompileExec427301190
/usr/bin/cmake -E cmake_link_script CMakeFiles/cmTryCompileExec427301190.dir/link.txt --verbose=1
/usr/bin/cc       CMakeFiles/cmTryCompileExec427301190.dir/CheckSymbolExists.c.o  -o cmTryCompileExec427301190 -rdynamic 
CMakeFiles/cmTryCompileExec427301190.dir/CheckSymbolExists.c.o: In function `main':
CheckSymbolExists.c:(.text+0x16): undefined reference to `pthread_create'
collect2: error: ld returned 1 exit status
make[1]: Leaving directory `/home/rudy/Desktop/UMASS/CICS/data/catkin_ws/build/CMakeFiles/CMakeTmp'
make[1]: *** [cmTryCompileExec427301190] Error 1
make: *** [cmTryCompileExec427301190/fast] Error 2

File /home/rudy/Desktop/UMASS/CICS/data/catkin_ws/build/CMakeFiles/CMakeTmp/CheckSymbolExists.c:
/* */
#include <pthread.h>

int main(int argc, char** argv)
{
  (void)argv;
#ifndef pthread_create
  return ((int*)(&pthread_create))[argc];
#else
  (void)argc;
  return 0;
#endif
}

Determining if the function pthread_create exists in the pthreads failed with the following output:
Change Dir: /home/rudy/Desktop/UMASS/CICS/data/catkin_ws/build/CMakeFiles/CMakeTmp

Run Build Command:/usr/bin/make "cmTryCompileExec3394395850/fast"
/usr/bin/make -f CMakeFiles/cmTryCompileExec3394395850.dir/build.make CMakeFiles/cmTryCompileExec3394395850.dir/build
make[1]: Entering directory `/home/rudy/Desktop/UMASS/CICS/data/catkin_ws/build/CMakeFiles/CMakeTmp'
/usr/bin/cmake -E cmake_progress_report /home/rudy/Desktop/UMASS/CICS/data/catkin_ws/build/CMakeFiles/CMakeTmp/CMakeFiles 1
Building C object CMakeFiles/cmTryCompileExec3394395850.dir/CheckFunctionExists.c.o
/usr/bin/cc   -DCHECK_FUNCTION_EXISTS=pthread_create   -o CMakeFiles/cmTryCompileExec3394395850.dir/CheckFunctionExists.c.o   -c /usr/share/cmake-2.8/Modules/CheckFunctionExists.c
Linking C executable cmTryCompileExec3394395850
/usr/bin/cmake -E cmake_link_script CMakeFiles/cmTryCompileExec3394395850.dir/link.txt --verbose=1
/usr/bin/cc   -DCHECK_FUNCTION_EXISTS=pthread_create    CMakeFiles/cmTryCompileExec3394395850.dir/CheckFunctionExists.c.o  -o cmTryCompileExec3394395850 -rdynamic -lpthreads 
/usr/bin/ld: cannot find -lpthreads
collect2: error: ld returned 1 exit status
make[1]: Leaving directory `/home/rudy/Desktop/UMASS/CICS/data/catkin_ws/build/CMakeFiles/CMakeTmp'
make[1]: *** [cmTryCompileExec3394395850] Error 1
make: *** [cmTryCompileExec3394395850/fast] Error 2


